2022.07.10 23:00:11 INFO  tracing is disabled for protocol LSP, to enable tracing of incoming and outgoing JSON messages create an empty file at c:\Users\Suraif\Documents\GitHub\2204_Functional_Programming\.metals\lsp.trace.json or C:\Users\Suraif\AppData\Local\scalameta\metals\cache\lsp.trace.json
2022.07.10 23:00:13 INFO  logging to file C:\Users\Suraif\Documents\GitHub\2204_Functional_Programming\.metals\metals.log
2022.07.10 23:00:13 INFO  Started: Metals version 0.11.7 in workspace 'C:\Users\Suraif\Documents\GitHub\2204_Functional_Programming' for client Visual Studio Code 1.69.0.
2022.07.10 23:00:14 INFO  time: initialize in 1.15s
2022.07.10 23:00:14 WARN  Flyway upgrade recommended: H2 2.1.214 is newer than this version of Flyway and support has not been tested. The latest supported version of H2 is 2.1.210.
2022.07.10 23:00:14 WARN  Build server is not auto-connectable.
2022.07.10 23:00:14 WARN  no build tool detected in workspace 'C:\Users\Suraif\Documents\GitHub\2204_Functional_Programming'. The most common cause for this problem is that the editor was opened in the wrong working directory, for example if you use sbt then the workspace directory should contain build.sbt. 
2022.07.10 23:00:18 WARN  no build target for: C:\Users\Suraif\Documents\GitHub\2204_Functional_Programming\Q1_Q2_Q3.scala
2022.07.10 23:00:23 INFO  no build target found for C:\Users\Suraif\Documents\GitHub\2204_Functional_Programming\Q1_Q2_Q3.scala. Using presentation compiler with project's scala-library version: 3.1.3
2022.07.10 23:00:26 INFO  time: code lens generation in 6.2s
2022.07.10 23:00:26 INFO  time: code lens generation in 7.33s
2022.07.10 23:00:26 INFO  time: code lens generation in 7.33s
2022.07.10 23:00:26 INFO  time: code lens generation in 6.21s
2022.07.10 23:00:26 INFO  time: code lens generation in 7.37s
2022.07.10 23:00:26 INFO  time: code lens generation in 7.37s
Exception in thread "pool-3-thread-1" java.lang.InterruptedException
	at scala.meta.internal.metals.FutureCancelToken.checkCanceled(FutureCancelToken.scala:29)
	at scala.meta.internal.pc.CompilerAccess.onCompilerJobQueue$$anonfun$1(CompilerAccess.scala:196)
	at scala.meta.internal.pc.CompilerJobQueue$Job.run(CompilerJobQueue.scala:152)
	at java.base/java.util.concurrent.ThreadPoolExecutor.runWorker(ThreadPoolExecutor.java:1136)
	at java.base/java.util.concurrent.ThreadPoolExecutor$Worker.run(ThreadPoolExecutor.java:635)
	at java.base/java.lang.Thread.run(Thread.java:833)
2022.07.10 23:12:38 WARN  no build target for: C:\Users\Suraif\Documents\GitHub\2204_Functional_Programming\Q1_Q2_Q3.scala
2022.07.10 23:20:28 WARN  no build target for: C:\Users\Suraif\Documents\GitHub\2204_Functional_Programming\Q1_Q2_Q3.scala
Jul 10, 2022 11:22:00 PM org.eclipse.lsp4j.jsonrpc.services.GenericEndpoint notify
INFO: Unsupported notification method: $/setTrace
